<?xml version="1.0" encoding="UTF-8"?>
<testng-results skipped="0" failed="0" ignored="0" total="1" passed="1">
  <reporter-output>
  </reporter-output>
  <suite name="Suite" duration-ms="38633" started-at="2019-12-24T18:02:21Z" finished-at="2019-12-24T18:03:00Z">
    <groups>
    </groups>
    <test name="Test" duration-ms="38633" started-at="2019-12-24T18:02:21Z" finished-at="2019-12-24T18:03:00Z">
      <class name="Testng.co.Tc_001">
        <test-method status="PASS" signature="beforeMethod()[pri:0, instance:Testng.co.Tc_001@76a3e297]" name="beforeMethod" is-config="true" duration-ms="36733" started-at="2019-12-24T18:02:21Z" finished-at="2019-12-24T18:02:58Z">
          <reporter-output>
          </reporter-output>
        </test-method> <!-- beforeMethod -->
        <test-method status="PASS" signature="functnality()[pri:0, instance:Testng.co.Tc_001@76a3e297]" name="functnality" duration-ms="251" started-at="2019-12-24T18:02:58Z" finished-at="2019-12-24T18:02:58Z">
          <reporter-output>
          </reporter-output>
        </test-method> <!-- functnality -->
        <test-method status="PASS" signature="afterMethod()[pri:0, instance:Testng.co.Tc_001@76a3e297]" name="afterMethod" is-config="true" duration-ms="1602" started-at="2019-12-24T18:02:58Z" finished-at="2019-12-24T18:03:00Z">
          <reporter-output>
          </reporter-output>
        </test-method> <!-- afterMethod -->
      </class> <!-- Testng.co.Tc_001 -->
    </test> <!-- Test -->
  </suite> <!-- Suite -->
</testng-results>
